# JRE version: OpenJDK Runtime Environment Temurin-21.0.10+7 (21.0.10+7) (build 21.0.10+7-LTS)
# Java VM: OpenJDK 64-Bit Server VM Temurin-21.0.10+7 (21.0.10+7-LTS, mixed mode, sharing, tiered, compressed oops, compressed class ptrs, parallel gc, windows-amd64)
GC Precious Log:
 CardTable entry size: 512
 CPUs: 12 total, 12 available
 Memory: 16087M
 Large Page Support: Disabled
 NUMA Support: Disabled
 Compressed Oops: Enabled (32-bit)
 Alignments: Space 512K, Generation 512K, Heap 2M
 Heap Min Capacity: 100M
 Heap Initial Capacity: 100M
 Heap Max Capacity: 2G
 Pre-touch: Disabled
 Parallel Workers: 10
Heap:
 PSYoungGen      total 22528K, used 15791K [0x00000000d5580000, 0x00000000d6c80000, 0x0000000100000000)
  eden space 21504K, 70% used [0x00000000d5580000,0x00000000d643b5f8,0x00000000d6a80000)
  from space 1024K, 68% used [0x00000000d6a80000,0x00000000d6b30630,0x00000000d6b80000)
  to   space 1024K, 0% used [0x00000000d6b80000,0x00000000d6b80000,0x00000000d6c80000)
 ParOldGen       total 68608K, used 31367K [0x0000000080000000, 0x0000000084300000, 0x00000000d5580000)
  object space 68608K, 45% used [0x0000000080000000,0x0000000081ea1f28,0x0000000084300000)
 Metaspace       used 41364K, committed 42368K, reserved 1114112K
  class space    used 4201K, committed 4672K, reserved 1048576K
GC Heap History (20 events):
Event: 14.530 GC heap before
{Heap before GC invocations=14 (full 1):
 PSYoungGen      total 23040K, used 23025K [0x00000000d5580000, 0x00000000d7600000, 0x0000000100000000)
  eden space 21504K, 100% used [0x00000000d5580000,0x00000000d6a80000,0x00000000d6a80000)
  from space 1536K, 99% used [0x00000000d7000000,0x00000000d717c440,0x00000000d7180000)
  to   space 5632K, 0% used [0x00000000d6a80000,0x00000000d6a80000,0x00000000d7000000)
 ParOldGen       total 68608K, used 20603K [0x0000000080000000, 0x0000000084300000, 0x00000000d5580000)
  object space 68608K, 30% used [0x0000000080000000,0x000000008141ed18,0x0000000084300000)
 Metaspace       used 32483K, committed 33536K, reserved 1114112K
  class space    used 3306K, committed 3776K, reserved 1048576K
}
Event: 14.537 GC heap after
{Heap after GC invocations=14 (full 1):
 PSYoungGen      total 24576K, used 2786K [0x00000000d5580000, 0x00000000d7180000, 0x0000000100000000)
  eden space 21504K, 0% used [0x00000000d5580000,0x00000000d5580000,0x00000000d6a80000)
  from space 3072K, 90% used [0x00000000d6a80000,0x00000000d6d38810,0x00000000d6d80000)
  to   space 3584K, 0% used [0x00000000d6e00000,0x00000000d6e00000,0x00000000d7180000)
 ParOldGen       total 68608K, used 22016K [0x0000000080000000, 0x0000000084300000, 0x00000000d5580000)
  object space 68608K, 32% used [0x0000000080000000,0x0000000081580088,0x0000000084300000)
 Metaspace       used 32483K, committed 33536K, reserved 1114112K
  class space    used 3306K, committed 3776K, reserved 1048576K
}
Event: 14.684 GC heap before
{Heap before GC invocations=15 (full 1):
 PSYoungGen      total 24576K, used 24290K [0x00000000d5580000, 0x00000000d7180000, 0x0000000100000000)
  eden space 21504K, 100% used [0x00000000d5580000,0x00000000d6a80000,0x00000000d6a80000)
  from space 3072K, 90% used [0x00000000d6a80000,0x00000000d6d38810,0x00000000d6d80000)
  to   space 3584K, 0% used [0x00000000d6e00000,0x00000000d6e00000,0x00000000d7180000)
 ParOldGen       total 68608K, used 22016K [0x0000000080000000, 0x0000000084300000, 0x00000000d5580000)
  object space 68608K, 32% used [0x0000000080000000,0x0000000081580088,0x0000000084300000)
 Metaspace       used 32502K, committed 33600K, reserved 1114112K
  class space    used 3306K, committed 3776K, reserved 1048576K
}
Event: 14.692 GC heap after
{Heap after GC invocations=15 (full 1):
 PSYoungGen      total 24064K, used 2436K [0x00000000d5580000, 0x00000000d7080000, 0x0000000100000000)
  eden space 21504K, 0% used [0x00000000d5580000,0x00000000d5580000,0x00000000d6a80000)
  from space 2560K, 95% used [0x00000000d6e00000,0x00000000d7061000,0x00000000d7080000)
  to   space 3072K, 0% used [0x00000000d6a80000,0x00000000d6a80000,0x00000000d6d80000)
 ParOldGen       total 68608K, used 24580K [0x0000000080000000, 0x0000000084300000, 0x00000000d5580000)
  object space 68608K, 35% used [0x0000000080000000,0x00000000818013f8,0x0000000084300000)
 Metaspace       used 32502K, committed 33600K, reserved 1114112K
  class space    used 3306K, committed 3776K, reserved 1048576K
}
Event: 14.904 GC heap before
{Heap before GC invocations=16 (full 1):
 PSYoungGen      total 24064K, used 23940K [0x00000000d5580000, 0x00000000d7080000, 0x0000000100000000)
  eden space 21504K, 100% used [0x00000000d5580000,0x00000000d6a80000,0x00000000d6a80000)
  from space 2560K, 95% used [0x00000000d6e00000,0x00000000d7061000,0x00000000d7080000)
  to   space 3072K, 0% used [0x00000000d6a80000,0x00000000d6a80000,0x00000000d6d80000)
 ParOldGen       total 68608K, used 24580K [0x0000000080000000, 0x0000000084300000, 0x00000000d5580000)
  object space 68608K, 35% used [0x0000000080000000,0x00000000818013f8,0x0000000084300000)
 Metaspace       used 32582K, committed 33664K, reserved 1114112K
  class space    used 3306K, committed 3776K, reserved 1048576K
}
Event: 14.912 GC heap after
{Heap after GC invocations=16 (full 1):
 PSYoungGen      total 24576K, used 2560K [0x00000000d5580000, 0x00000000d7080000, 0x0000000100000000)
  eden space 21504K, 0% used [0x00000000d5580000,0x00000000d5580000,0x00000000d6a80000)
  from space 3072K, 83% used [0x00000000d6a80000,0x00000000d6d00010,0x00000000d6d80000)
  to   space 3072K, 0% used [0x00000000d6d80000,0x00000000d6d80000,0x00000000d7080000)
 ParOldGen       total 68608K, used 26882K [0x0000000080000000, 0x0000000084300000, 0x00000000d5580000)
  object space 68608K, 39% used [0x0000000080000000,0x0000000081a40a20,0x0000000084300000)
 Metaspace       used 32582K, committed 33664K, reserved 1114112K
  class space    used 3306K, committed 3776K, reserved 1048576K
}
Event: 15.029 GC heap before
{Heap before GC invocations=17 (full 1):
 PSYoungGen      total 24576K, used 24064K [0x00000000d5580000, 0x00000000d7080000, 0x0000000100000000)
  eden space 21504K, 100% used [0x00000000d5580000,0x00000000d6a80000,0x00000000d6a80000)
  from space 3072K, 83% used [0x00000000d6a80000,0x00000000d6d00010,0x00000000d6d80000)
  to   space 3072K, 0% used [0x00000000d6d80000,0x00000000d6d80000,0x00000000d7080000)
 ParOldGen       total 68608K, used 26882K [0x0000000080000000, 0x0000000084300000, 0x00000000d5580000)
  object space 68608K, 39% used [0x0000000080000000,0x0000000081a40a20,0x0000000084300000)
 Metaspace       used 32635K, committed 33728K, reserved 1114112K
  class space    used 3306K, committed 3776K, reserved 1048576K
}
Event: 15.035 GC heap after
{Heap after GC invocations=17 (full 1):
 PSYoungGen      total 24064K, used 2296K [0x00000000d5580000, 0x00000000d7000000, 0x0000000100000000)
  eden space 21504K, 0% used [0x00000000d5580000,0x00000000d5580000,0x00000000d6a80000)
  from space 2560K, 89% used [0x00000000d6d80000,0x00000000d6fbe200,0x00000000d7000000)
  to   space 2560K, 0% used [0x00000000d6b00000,0x00000000d6b00000,0x00000000d6d80000)
 ParOldGen       total 68608K, used 29266K [0x0000000080000000, 0x0000000084300000, 0x00000000d5580000)
  object space 68608K, 42% used [0x0000000080000000,0x0000000081c94a30,0x0000000084300000)
 Metaspace       used 32635K, committed 33728K, reserved 1114112K
  class space    used 3306K, committed 3776K, reserved 1048576K
}
Event: 15.647 GC heap before
{Heap before GC invocations=18 (full 1):
 PSYoungGen      total 24064K, used 23654K [0x00000000d5580000, 0x00000000d7000000, 0x0000000100000000)
  eden space 21504K, 99% used [0x00000000d5580000,0x00000000d6a5b870,0x00000000d6a80000)
  from space 2560K, 89% used [0x00000000d6d80000,0x00000000d6fbe200,0x00000000d7000000)
  to   space 2560K, 0% used [0x00000000d6b00000,0x00000000d6b00000,0x00000000d6d80000)
 ParOldGen       total 68608K, used 29266K [0x0000000080000000, 0x0000000084300000, 0x00000000d5580000)
  object space 68608K, 42% used [0x0000000080000000,0x0000000081c94a30,0x0000000084300000)
 Metaspace       used 34801K, committed 35840K, reserved 1114112K
  class space    used 3551K, committed 4032K, reserved 1048576K
}
Event: 15.654 GC heap after
{Heap after GC invocations=18 (full 1):
 PSYoungGen      total 23040K, used 1355K [0x00000000d5580000, 0x00000000d6e80000, 0x0000000100000000)
  eden space 21504K, 0% used [0x00000000d5580000,0x00000000d5580000,0x00000000d6a80000)
  from space 1536K, 88% used [0x00000000d6b00000,0x00000000d6c52e58,0x00000000d6c80000)
  to   space 2048K, 0% used [0x00000000d6c80000,0x00000000d6c80000,0x00000000d6e80000)
 ParOldGen       total 68608K, used 31395K [0x0000000080000000, 0x0000000084300000, 0x00000000d5580000)
  object space 68608K, 45% used [0x0000000080000000,0x0000000081ea8c30,0x0000000084300000)
 Metaspace       used 34801K, committed 35840K, reserved 1114112K
  class space    used 3551K, committed 4032K, reserved 1048576K
}
Event: 15.654 GC heap before
{Heap before GC invocations=19 (full 2):
 PSYoungGen      total 23040K, used 1355K [0x00000000d5580000, 0x00000000d6e80000, 0x0000000100000000)
  eden space 21504K, 0% used [0x00000000d5580000,0x00000000d5580000,0x00000000d6a80000)
  from space 1536K, 88% used [0x00000000d6b00000,0x00000000d6c52e58,0x00000000d6c80000)
  to   space 2048K, 0% used [0x00000000d6c80000,0x00000000d6c80000,0x00000000d6e80000)
 ParOldGen       total 68608K, used 31395K [0x0000000080000000, 0x0000000084300000, 0x00000000d5580000)
  object space 68608K, 45% used [0x0000000080000000,0x0000000081ea8c30,0x0000000084300000)
 Metaspace       used 34801K, committed 35840K, reserved 1114112K
  class space    used 3551K, committed 4032K, reserved 1048576K
}
Event: 15.735 GC heap after
{Heap after GC invocations=19 (full 2):
 PSYoungGen      total 23040K, used 0K [0x00000000d5580000, 0x00000000d6e80000, 0x0000000100000000)
  eden space 21504K, 0% used [0x00000000d5580000,0x00000000d5580000,0x00000000d6a80000)
  from space 1536K, 0% used [0x00000000d6b00000,0x00000000d6b00000,0x00000000d6c80000)
  to   space 2048K, 0% used [0x00000000d6c80000,0x00000000d6c80000,0x00000000d6e80000)
 ParOldGen       total 68608K, used 30757K [0x0000000080000000, 0x0000000084300000, 0x00000000d5580000)
  object space 68608K, 44% used [0x0000000080000000,0x0000000081e09708,0x0000000084300000)
 Metaspace       used 34689K, committed 35840K, reserved 1114112K
  class space    used 3518K, committed 4032K, reserved 1048576K
}
Event: 16.047 GC heap before
{Heap before GC invocations=20 (full 2):
 PSYoungGen      total 23040K, used 21479K [0x00000000d5580000, 0x00000000d6e80000, 0x0000000100000000)
  eden space 21504K, 99% used [0x00000000d5580000,0x00000000d6a79f30,0x00000000d6a80000)
  from space 1536K, 0% used [0x00000000d6b00000,0x00000000d6b00000,0x00000000d6c80000)
  to   space 2048K, 0% used [0x00000000d6c80000,0x00000000d6c80000,0x00000000d6e80000)
 ParOldGen       total 68608K, used 30757K [0x0000000080000000, 0x0000000084300000, 0x00000000d5580000)
  object space 68608K, 44% used [0x0000000080000000,0x0000000081e09708,0x0000000084300000)
 Metaspace       used 35047K, committed 36096K, reserved 1114112K
  class space    used 3539K, committed 4032K, reserved 1048576K
}
Event: 16.050 GC heap after
{Heap after GC invocations=20 (full 2):
 PSYoungGen      total 23552K, used 1851K [0x00000000d5580000, 0x00000000d6e80000, 0x0000000100000000)
  eden space 21504K, 0% used [0x00000000d5580000,0x00000000d5580000,0x00000000d6a80000)
  from space 2048K, 90% used [0x00000000d6c80000,0x00000000d6e4ee78,0x00000000d6e80000)
  to   space 2048K, 0% used [0x00000000d6a80000,0x00000000d6a80000,0x00000000d6c80000)
 ParOldGen       total 68608K, used 30765K [0x0000000080000000, 0x0000000084300000, 0x00000000d5580000)
  object space 68608K, 44% used [0x0000000080000000,0x0000000081e0b708,0x0000000084300000)
 Metaspace       used 35047K, committed 36096K, reserved 1114112K
  class space    used 3539K, committed 4032K, reserved 1048576K
}
Event: 16.344 GC heap before
{Heap before GC invocations=21 (full 2):
 PSYoungGen      total 23552K, used 23343K [0x00000000d5580000, 0x00000000d6e80000, 0x0000000100000000)
  eden space 21504K, 99% used [0x00000000d5580000,0x00000000d6a7cf70,0x00000000d6a80000)
  from space 2048K, 90% used [0x00000000d6c80000,0x00000000d6e4ee78,0x00000000d6e80000)
  to   space 2048K, 0% used [0x00000000d6a80000,0x00000000d6a80000,0x00000000d6c80000)
 ParOldGen       total 68608K, used 30780K [0x0000000080000000, 0x0000000084300000, 0x00000000d5580000)
  object space 68608K, 44% used [0x0000000080000000,0x0000000081e0f1b0,0x0000000084300000)
 Metaspace       used 36371K, committed 37312K, reserved 1114112K
  class space    used 3681K, committed 4096K, reserved 1048576K
}
Event: 16.346 GC heap after
{Heap after GC invocations=21 (full 2):
 PSYoungGen      total 22016K, used 416K [0x00000000d5580000, 0x00000000d6d00000, 0x0000000100000000)
  eden space 21504K, 0% used [0x00000000d5580000,0x00000000d5580000,0x00000000d6a80000)
  from space 512K, 81% used [0x00000000d6a80000,0x00000000d6ae8000,0x00000000d6b00000)
  to   space 1024K, 0% used [0x00000000d6c00000,0x00000000d6c00000,0x00000000d6d00000)
 ParOldGen       total 68608K, used 30868K [0x0000000080000000, 0x0000000084300000, 0x00000000d5580000)
  object space 68608K, 44% used [0x0000000080000000,0x0000000081e251b0,0x0000000084300000)
 Metaspace       used 36371K, committed 37312K, reserved 1114112K
  class space    used 3681K, committed 4096K, reserved 1048576K
}
Event: 17.231 GC heap before
{Heap before GC invocations=22 (full 2):
 PSYoungGen      total 22016K, used 21920K [0x00000000d5580000, 0x00000000d6d00000, 0x0000000100000000)
  eden space 21504K, 100% used [0x00000000d5580000,0x00000000d6a80000,0x00000000d6a80000)
  from space 512K, 81% used [0x00000000d6a80000,0x00000000d6ae8000,0x00000000d6b00000)
  to   space 1024K, 0% used [0x00000000d6c00000,0x00000000d6c00000,0x00000000d6d00000)
 ParOldGen       total 68608K, used 30935K [0x0000000080000000, 0x0000000084300000, 0x00000000d5580000)
  object space 68608K, 45% used [0x0000000080000000,0x0000000081e35f28,0x0000000084300000)
 Metaspace       used 37224K, committed 38208K, reserved 1114112K
  class space    used 3793K, committed 4224K, reserved 1048576K
}
Event: 17.233 GC heap after
{Heap after GC invocations=22 (full 2):
 PSYoungGen      total 22016K, used 500K [0x00000000d5580000, 0x00000000d6c80000, 0x0000000100000000)
  eden space 21504K, 0% used [0x00000000d5580000,0x00000000d5580000,0x00000000d6a80000)
  from space 512K, 97% used [0x00000000d6c00000,0x00000000d6c7d2f8,0x00000000d6c80000)
  to   space 1024K, 0% used [0x00000000d6a80000,0x00000000d6a80000,0x00000000d6b80000)
 ParOldGen       total 68608K, used 31095K [0x0000000080000000, 0x0000000084300000, 0x00000000d5580000)
  object space 68608K, 45% used [0x0000000080000000,0x0000000081e5df28,0x0000000084300000)
 Metaspace       used 37224K, committed 38208K, reserved 1114112K
  class space    used 3793K, committed 4224K, reserved 1048576K
}
Event: 18.403 GC heap before
{Heap before GC invocations=23 (full 2):
 PSYoungGen      total 22016K, used 22004K [0x00000000d5580000, 0x00000000d6c80000, 0x0000000100000000)
  eden space 21504K, 100% used [0x00000000d5580000,0x00000000d6a80000,0x00000000d6a80000)
  from space 512K, 97% used [0x00000000d6c00000,0x00000000d6c7d2f8,0x00000000d6c80000)
  to   space 1024K, 0% used [0x00000000d6a80000,0x00000000d6a80000,0x00000000d6b80000)
 ParOldGen       total 68608K, used 31095K [0x0000000080000000, 0x0000000084300000, 0x00000000d5580000)
  object space 68608K, 45% used [0x0000000080000000,0x0000000081e5df28,0x0000000084300000)
 Metaspace       used 39393K, committed 40448K, reserved 1114112K
  class space    used 3991K, committed 4480K, reserved 1048576K
}
Event: 18.405 GC heap after
{Heap after GC invocations=23 (full 2):
 PSYoungGen      total 22528K, used 705K [0x00000000d5580000, 0x00000000d6c80000, 0x0000000100000000)
  eden space 21504K, 0% used [0x00000000d5580000,0x00000000d5580000,0x00000000d6a80000)
  from space 1024K, 68% used [0x00000000d6a80000,0x00000000d6b30630,0x00000000d6b80000)
  to   space 1024K, 0% used [0x00000000d6b80000,0x00000000d6b80000,0x00000000d6c80000)
 ParOldGen       total 68608K, used 31367K [0x0000000080000000, 0x0000000084300000, 0x00000000d5580000)
  object space 68608K, 45% used [0x0000000080000000,0x0000000081ea1f28,0x0000000084300000)
 Metaspace       used 39393K, committed 40448K, reserved 1114112K
  class space    used 3991K, committed 4480K, reserved 1048576K
}

